<?xml version="1.0" encoding="UTF-8"?>
<testsuite xmlns:xsi="http://www.w3.org/2001/XMLSchema-instance" xsi:noNamespaceSchemaLocation="https://maven.apache.org/surefire/maven-surefire-plugin/xsd/surefire-test-report.xsd" name="edu.eci.cvds.tdd.aerodescuentos.TarifasTest" time="0.035" tests="14" errors="0" skipped="0" failures="5">
  <properties>
[...]
</properties>
  <testcase name="validateTarifaIgualMenos1" classname="edu.eci.cvds.tdd.aerodescuentos.TarifasTest" time="0.005">
    <failure type="java.lang.AssertionError">java.lang.AssertionError
	at edu.eci.cvds.tdd.aerodescuentos.TarifasTest.validateTarifaIgualMenos1(TarifasTest.java:102)
</failure>
  </testcase>
  <testcase name="validateEdadIgual18DiasIgualA20" classname="edu.eci.cvds.tdd.aerodescuentos.TarifasTest" time="0"/>
  <testcase name="validateEdadIgual17DiasIgualA20" classname="edu.eci.cvds.tdd.aerodescuentos.TarifasTest" time="0">
    <failure message="expected:&lt;95&gt; but was:&lt;100&gt;" type="java.lang.AssertionError"><![CDATA[java.lang.AssertionError: expected:<95> but was:<100>
	at edu.eci.cvds.tdd.aerodescuentos.TarifasTest.validateEdadIgual17DiasIgualA20(TarifasTest.java:22)
]]></failure>
  </testcase>
  <testcase name="validateEdadIgual17DiasIgualA21" classname="edu.eci.cvds.tdd.aerodescuentos.TarifasTest" time="0"/>
  <testcase name="validateTarifaIgual0" classname="edu.eci.cvds.tdd.aerodescuentos.TarifasTest" time="0"/>
  <testcase name="validateDiasIgualMenos1" classname="edu.eci.cvds.tdd.aerodescuentos.TarifasTest" time="0">
    <failure type="java.lang.AssertionError">java.lang.AssertionError
	at edu.eci.cvds.tdd.aerodescuentos.TarifasTest.validateDiasIgualMenos1(TarifasTest.java:85)
</failure>
  </testcase>
  <testcase name="validateEdadIgual18DiasIgualrA21" classname="edu.eci.cvds.tdd.aerodescuentos.TarifasTest" time="0"/>
  <testcase name="validateEdadIgual66DiasIgualA20" classname="edu.eci.cvds.tdd.aerodescuentos.TarifasTest" time="0.001">
    <failure message="expected:&lt;92&gt; but was:&lt;100&gt;" type="java.lang.AssertionError"><![CDATA[java.lang.AssertionError: expected:<92> but was:<100>
	at edu.eci.cvds.tdd.aerodescuentos.TarifasTest.validateEdadIgual66DiasIgualA20(TarifasTest.java:48)
]]></failure>
  </testcase>
  <testcase name="validateEdadIgual66DiasIgualA21" classname="edu.eci.cvds.tdd.aerodescuentos.TarifasTest" time="0"/>
  <testcase name="validateEdadIgual65DiasIgualA20" classname="edu.eci.cvds.tdd.aerodescuentos.TarifasTest" time="0"/>
  <testcase name="validateEdadIgual65DiasIgualA21" classname="edu.eci.cvds.tdd.aerodescuentos.TarifasTest" time="0"/>
  <testcase name="validateEdadIgual0" classname="edu.eci.cvds.tdd.aerodescuentos.TarifasTest" time="0.001"/>
  <testcase name="validateDiasIgual0" classname="edu.eci.cvds.tdd.aerodescuentos.TarifasTest" time="0"/>
  <testcase name="validateEdadIgualMenos1" classname="edu.eci.cvds.tdd.aerodescuentos.TarifasTest" time="0">
    <failure type="java.lang.AssertionError">java.lang.AssertionError
	at edu.eci.cvds.tdd.aerodescuentos.TarifasTest.validateEdadIgualMenos1(TarifasTest.java:68)
</failure>
  </testcase>
</testsuite>